<?xml version="1.0" encoding="UTF-8"?>
<!-- Generated by org.testng.reporters.JUnitXMLReporter -->
<testsuite ignored="0" hostname="Deep" failures="1" tests="1" name="Test" time="0.026" errors="0" timestamp="2024-09-13T11:05:29 IST">
  <testcase classname="CapstoneProject.CapstoneProject.LoginTest" name="loginTest" time="0.0">
    <failure type="org.testng.TestNGException" message="
Parameter &amp;apos;uername&amp;apos; is required by @Test on method loginTest but has not been marked @Optional or defined
in C:\Users\dipga\SeleniumWorkspace\CapstoneProject\testng.xml">
      <![CDATA[org.testng.TestNGException: 
Parameter 'uername' is required by @Test on method loginTest but has not been marked @Optional or defined
in C:\Users\dipga\SeleniumWorkspace\CapstoneProject\testng.xml
at java.base/java.util.ArrayList.forEach(ArrayList.java:1597)
... Removed 26 stack frames]]>
    </failure>
  </testcase> <!-- loginTest -->
</testsuite> <!-- Test -->
